<?xml version="1.0" encoding="UTF-8"?>
<testsuite name="ASESpaghettiCode.UserServer.Controller.UserControllerTest" tests="14" skipped="0" failures="0" errors="0" timestamp="2023-04-28T21:23:14" hostname="DESKTOP-DP4LJM3" time="0.563">
  <properties/>
  <testcase name="editUserTest()" classname="ASESpaghettiCode.UserServer.Controller.UserControllerTest" time="0.28"/>
  <testcase name="editUserPasswordTest()" classname="ASESpaghettiCode.UserServer.Controller.UserControllerTest" time="0.012"/>
  <testcase name="userFollowTest()" classname="ASESpaghettiCode.UserServer.Controller.UserControllerTest" time="0.035"/>
  <testcase name="getAllUsersTest()" classname="ASESpaghettiCode.UserServer.Controller.UserControllerTest" time="0.098"/>
  <testcase name="userUnfollowTest()" classname="ASESpaghettiCode.UserServer.Controller.UserControllerTest" time="0.008"/>
  <testcase name="logoutTest()" classname="ASESpaghettiCode.UserServer.Controller.UserControllerTest" time="0.009"/>
  <testcase name="user1FollowUser2Test()" classname="ASESpaghettiCode.UserServer.Controller.UserControllerTest" time="0.011"/>
  <testcase name="getLikedList()" classname="ASESpaghettiCode.UserServer.Controller.UserControllerTest" time="0.009"/>
  <testcase name="longinTest()" classname="ASESpaghettiCode.UserServer.Controller.UserControllerTest" time="0.014"/>
  <testcase name="getFollowingTest()" classname="ASESpaghettiCode.UserServer.Controller.UserControllerTest" time="0.011"/>
  <testcase name="createUserTest()" classname="ASESpaghettiCode.UserServer.Controller.UserControllerTest" time="0.013"/>
  <testcase name="getFollowersTest()" classname="ASESpaghettiCode.UserServer.Controller.UserControllerTest" time="0.012"/>
  <testcase name="createUserConflictTest()" classname="ASESpaghettiCode.UserServer.Controller.UserControllerTest" time="0.016"/>
  <testcase name="getUserTest()" classname="ASESpaghettiCode.UserServer.Controller.UserControllerTest" time="0.008"/>
  <system-out><![CDATA[2023-04-28 23:23:13.098  INFO 22520 --- [    Test worker] .b.t.a.w.s.WebMvcTestContextBootstrapper : Neither @ContextConfiguration nor @ContextHierarchy found for test class [ASESpaghettiCode.UserServer.Controller.UserControllerTest], using SpringBootContextLoader
2023-04-28 23:23:13.100  INFO 22520 --- [    Test worker] o.s.t.c.support.AbstractContextLoader    : Could not detect default resource locations for test class [ASESpaghettiCode.UserServer.Controller.UserControllerTest]: no resource found for suffixes {-context.xml, Context.groovy}.
2023-04-28 23:23:13.100  INFO 22520 --- [    Test worker] t.c.s.AnnotationConfigContextLoaderUtils : Could not detect default configuration classes for test class [ASESpaghettiCode.UserServer.Controller.UserControllerTest]: UserControllerTest does not declare any static, non-private, non-final, nested classes annotated with @Configuration.
2023-04-28 23:23:13.135  INFO 22520 --- [    Test worker] .b.t.c.SpringBootTestContextBootstrapper : Found @SpringBootConfiguration ASESpaghettiCode.UserServer.UserServerApplication for test class ASESpaghettiCode.UserServer.Controller.UserControllerTest
2023-04-28 23:23:13.136  INFO 22520 --- [    Test worker] .b.t.a.w.s.WebMvcTestContextBootstrapper : Loaded default TestExecutionListener class names from location [META-INF/spring.factories]: [org.springframework.boot.test.autoconfigure.restdocs.RestDocsTestExecutionListener, org.springframework.boot.test.autoconfigure.web.client.MockRestServiceServerResetTestExecutionListener, org.springframework.boot.test.autoconfigure.web.servlet.MockMvcPrintOnlyOnFailureTestExecutionListener, org.springframework.boot.test.autoconfigure.web.servlet.WebDriverTestExecutionListener, org.springframework.boot.test.autoconfigure.webservices.client.MockWebServiceServerTestExecutionListener, org.springframework.boot.test.mock.mockito.MockitoTestExecutionListener, org.springframework.boot.test.mock.mockito.ResetMocksTestExecutionListener, org.springframework.test.context.web.ServletTestExecutionListener, org.springframework.test.context.support.DirtiesContextBeforeModesTestExecutionListener, org.springframework.test.context.event.ApplicationEventsTestExecutionListener, org.springframework.test.context.support.DependencyInjectionTestExecutionListener, org.springframework.test.context.support.DirtiesContextTestExecutionListener, org.springframework.test.context.transaction.TransactionalTestExecutionListener, org.springframework.test.context.jdbc.SqlScriptsTestExecutionListener, org.springframework.test.context.event.EventPublishingTestExecutionListener]
2023-04-28 23:23:13.137  INFO 22520 --- [    Test worker] .b.t.a.w.s.WebMvcTestContextBootstrapper : Using TestExecutionListeners: [org.springframework.test.context.web.ServletTestExecutionListener@16e2a7be, org.springframework.test.context.support.DirtiesContextBeforeModesTestExecutionListener@7e915daa, org.springframework.test.context.event.ApplicationEventsTestExecutionListener@10e85525, org.springframework.boot.test.mock.mockito.MockitoTestExecutionListener@69bb8812, org.springframework.boot.test.autoconfigure.SpringBootDependencyInjectionTestExecutionListener@6a670dcc, org.springframework.test.context.support.DirtiesContextTestExecutionListener@1e6f7127, org.springframework.test.context.transaction.TransactionalTestExecutionListener@4cfc4eb2, org.springframework.test.context.jdbc.SqlScriptsTestExecutionListener@79b2b427, org.springframework.test.context.event.EventPublishingTestExecutionListener@2be9dfb0, org.springframework.boot.test.autoconfigure.restdocs.RestDocsTestExecutionListener@4e6a75a3, org.springframework.boot.test.autoconfigure.web.client.MockRestServiceServerResetTestExecutionListener@60cd2b02, org.springframework.boot.test.autoconfigure.web.servlet.MockMvcPrintOnlyOnFailureTestExecutionListener@c32b8b0, org.springframework.boot.test.autoconfigure.web.servlet.WebDriverTestExecutionListener@6943e2d9, org.springframework.boot.test.autoconfigure.webservices.client.MockWebServiceServerTestExecutionListener@7499553f, org.springframework.boot.test.mock.mockito.ResetMocksTestExecutionListener@7d05e595]

  .   ____          _            __ _ _
 /\\ / ___'_ __ _ _(_)_ __  __ _ \ \ \ \
( ( )\___ | '_ | '_| | '_ \/ _` | \ \ \ \
 \\/  ___)| |_)| | | | | || (_| |  ) ) ) )
  '  |____| .__|_| |_|_| |_\__, | / / / /
 =========|_|==============|___/=/_/_/_/
 :: Spring Boot ::                (v2.7.9)

2023-04-28 23:23:13.182  INFO 22520 --- [    Test worker] A.U.Controller.UserControllerTest        : Starting UserControllerTest using Java 15.0.2 on DESKTOP-DP4LJM3 with PID 22520 (started by Guan in F:\ASE\Plan2Go-user-server)
2023-04-28 23:23:13.183  INFO 22520 --- [    Test worker] A.U.Controller.UserControllerTest        : No active profile set, falling back to 1 default profile: "default"
2023-04-28 23:23:14.040  INFO 22520 --- [    Test worker] o.s.b.t.m.w.SpringBootMockServletContext : Initializing Spring TestDispatcherServlet ''
2023-04-28 23:23:14.041  INFO 22520 --- [    Test worker] o.s.t.web.servlet.TestDispatcherServlet  : Initializing Servlet ''
2023-04-28 23:23:14.042  INFO 22520 --- [    Test worker] o.s.t.web.servlet.TestDispatcherServlet  : Completed initialization in 1 ms
2023-04-28 23:23:14.065  INFO 22520 --- [    Test worker] A.U.Controller.UserControllerTest        : Started UserControllerTest in 0.925 seconds (JVM running for 10.221)
-------------------------------

]]></system-out>
  <system-err><![CDATA[]]></system-err>
</testsuite>
