<?xml version="1.0" encoding="UTF-8"?>
<testsuite name="ASESpaghettiCode.UserServer.Controller.UserControllerTest" tests="14" skipped="0" failures="0" errors="0" timestamp="2023-05-21T14:24:26" hostname="MacBook-Pro.local" time="0.542">
  <properties/>
  <testcase name="editUserTest()" classname="ASESpaghettiCode.UserServer.Controller.UserControllerTest" time="0.264"/>
  <testcase name="editUserPasswordTest()" classname="ASESpaghettiCode.UserServer.Controller.UserControllerTest" time="0.01"/>
  <testcase name="userFollowTest()" classname="ASESpaghettiCode.UserServer.Controller.UserControllerTest" time="0.027"/>
  <testcase name="getAllUsersTest()" classname="ASESpaghettiCode.UserServer.Controller.UserControllerTest" time="0.1"/>
  <testcase name="userUnfollowTest()" classname="ASESpaghettiCode.UserServer.Controller.UserControllerTest" time="0.011"/>
  <testcase name="logoutTest()" classname="ASESpaghettiCode.UserServer.Controller.UserControllerTest" time="0.008"/>
  <testcase name="user1FollowUser2Test()" classname="ASESpaghettiCode.UserServer.Controller.UserControllerTest" time="0.009"/>
  <testcase name="getLikedList()" classname="ASESpaghettiCode.UserServer.Controller.UserControllerTest" time="0.011"/>
  <testcase name="longinTest()" classname="ASESpaghettiCode.UserServer.Controller.UserControllerTest" time="0.016"/>
  <testcase name="getFollowingTest()" classname="ASESpaghettiCode.UserServer.Controller.UserControllerTest" time="0.015"/>
  <testcase name="createUserTest()" classname="ASESpaghettiCode.UserServer.Controller.UserControllerTest" time="0.012"/>
  <testcase name="getFollowersTest()" classname="ASESpaghettiCode.UserServer.Controller.UserControllerTest" time="0.008"/>
  <testcase name="createUserConflictTest()" classname="ASESpaghettiCode.UserServer.Controller.UserControllerTest" time="0.018"/>
  <testcase name="getUserTest()" classname="ASESpaghettiCode.UserServer.Controller.UserControllerTest" time="0.008"/>
  <system-out><![CDATA[2023-05-21 16:24:25.453  INFO 31997 --- [    Test worker] .b.t.a.w.s.WebMvcTestContextBootstrapper : Neither @ContextConfiguration nor @ContextHierarchy found for test class [ASESpaghettiCode.UserServer.Controller.UserControllerTest], using SpringBootContextLoader
2023-05-21 16:24:25.454  INFO 31997 --- [    Test worker] o.s.t.c.support.AbstractContextLoader    : Could not detect default resource locations for test class [ASESpaghettiCode.UserServer.Controller.UserControllerTest]: no resource found for suffixes {-context.xml, Context.groovy}.
2023-05-21 16:24:25.455  INFO 31997 --- [    Test worker] t.c.s.AnnotationConfigContextLoaderUtils : Could not detect default configuration classes for test class [ASESpaghettiCode.UserServer.Controller.UserControllerTest]: UserControllerTest does not declare any static, non-private, non-final, nested classes annotated with @Configuration.
2023-05-21 16:24:25.483  INFO 31997 --- [    Test worker] .b.t.c.SpringBootTestContextBootstrapper : Found @SpringBootConfiguration ASESpaghettiCode.UserServer.UserServerApplication for test class ASESpaghettiCode.UserServer.Controller.UserControllerTest
2023-05-21 16:24:25.485  INFO 31997 --- [    Test worker] .b.t.a.w.s.WebMvcTestContextBootstrapper : Loaded default TestExecutionListener class names from location [META-INF/spring.factories]: [org.springframework.boot.test.autoconfigure.restdocs.RestDocsTestExecutionListener, org.springframework.boot.test.autoconfigure.web.client.MockRestServiceServerResetTestExecutionListener, org.springframework.boot.test.autoconfigure.web.servlet.MockMvcPrintOnlyOnFailureTestExecutionListener, org.springframework.boot.test.autoconfigure.web.servlet.WebDriverTestExecutionListener, org.springframework.boot.test.autoconfigure.webservices.client.MockWebServiceServerTestExecutionListener, org.springframework.boot.test.mock.mockito.MockitoTestExecutionListener, org.springframework.boot.test.mock.mockito.ResetMocksTestExecutionListener, org.springframework.test.context.web.ServletTestExecutionListener, org.springframework.test.context.support.DirtiesContextBeforeModesTestExecutionListener, org.springframework.test.context.event.ApplicationEventsTestExecutionListener, org.springframework.test.context.support.DependencyInjectionTestExecutionListener, org.springframework.test.context.support.DirtiesContextTestExecutionListener, org.springframework.test.context.transaction.TransactionalTestExecutionListener, org.springframework.test.context.jdbc.SqlScriptsTestExecutionListener, org.springframework.test.context.event.EventPublishingTestExecutionListener]
2023-05-21 16:24:25.486  INFO 31997 --- [    Test worker] .b.t.a.w.s.WebMvcTestContextBootstrapper : Using TestExecutionListeners: [org.springframework.test.context.web.ServletTestExecutionListener@1a83695d, org.springframework.test.context.support.DirtiesContextBeforeModesTestExecutionListener@1f9ac57a, org.springframework.test.context.event.ApplicationEventsTestExecutionListener@5ea12b07, org.springframework.boot.test.mock.mockito.MockitoTestExecutionListener@59174973, org.springframework.boot.test.autoconfigure.SpringBootDependencyInjectionTestExecutionListener@585f1a8d, org.springframework.test.context.support.DirtiesContextTestExecutionListener@11a7b5e9, org.springframework.test.context.transaction.TransactionalTestExecutionListener@46095dc9, org.springframework.test.context.jdbc.SqlScriptsTestExecutionListener@2536d8aa, org.springframework.test.context.event.EventPublishingTestExecutionListener@51d25f3, org.springframework.boot.test.autoconfigure.restdocs.RestDocsTestExecutionListener@2939c044, org.springframework.boot.test.autoconfigure.web.client.MockRestServiceServerResetTestExecutionListener@25d227bf, org.springframework.boot.test.autoconfigure.web.servlet.MockMvcPrintOnlyOnFailureTestExecutionListener@36b24827, org.springframework.boot.test.autoconfigure.web.servlet.WebDriverTestExecutionListener@5aecc1bf, org.springframework.boot.test.autoconfigure.webservices.client.MockWebServiceServerTestExecutionListener@3db01146, org.springframework.boot.test.mock.mockito.ResetMocksTestExecutionListener@96b2690]

  .   ____          _            __ _ _
 /\\ / ___'_ __ _ _(_)_ __  __ _ \ \ \ \
( ( )\___ | '_ | '_| | '_ \/ _` | \ \ \ \
 \\/  ___)| |_)| | | | | || (_| |  ) ) ) )
  '  |____| .__|_| |_|_| |_\__, | / / / /
 =========|_|==============|___/=/_/_/_/
 :: Spring Boot ::                (v2.7.9)

2023-05-21 16:24:25.520  INFO 31997 --- [    Test worker] A.U.Controller.UserControllerTest        : Starting UserControllerTest using Java 11.0.18 on MacBook-Pro.local with PID 31997 (started by mac in /Users/mac/IdeaProjects/Plan2Go-user-server)
2023-05-21 16:24:25.520  INFO 31997 --- [    Test worker] A.U.Controller.UserControllerTest        : No active profile set, falling back to 1 default profile: "default"
2023-05-21 16:24:26.052  INFO 31997 --- [    Test worker] o.s.b.t.m.w.SpringBootMockServletContext : Initializing Spring TestDispatcherServlet ''
2023-05-21 16:24:26.053  INFO 31997 --- [    Test worker] o.s.t.web.servlet.TestDispatcherServlet  : Initializing Servlet ''
2023-05-21 16:24:26.054  INFO 31997 --- [    Test worker] o.s.t.web.servlet.TestDispatcherServlet  : Completed initialization in 1 ms
2023-05-21 16:24:26.085  INFO 31997 --- [    Test worker] A.U.Controller.UserControllerTest        : Started UserControllerTest in 0.595 seconds (JVM running for 10.123)
]]></system-out>
  <system-err><![CDATA[]]></system-err>
</testsuite>
