<?xml version="1.0" encoding="UTF-8"?>
<testsuite name="ASESpaghettiCode.UserServer.UserServerApplicationTests" tests="1" skipped="0" failures="0" errors="0" timestamp="2023-05-21T14:24:25" hostname="MacBook-Pro.local" time="0.018">
  <properties/>
  <testcase name="contextLoads()" classname="ASESpaghettiCode.UserServer.UserServerApplicationTests" time="0.018"/>
  <system-out><![CDATA[16:24:20.900 [cluster-ClusterId{value='646a2994ed5d284cd822b694', description='null'}-localhost:27017] INFO org.mongodb.driver.connection - Opened connection [connectionId{localValue:37, serverValue:233}] to localhost:27017
16:24:20.900 [cluster-rtt-ClusterId{value='646a2994ed5d284cd822b694', description='null'}-localhost:27017] INFO org.mongodb.driver.connection - Opened connection [connectionId{localValue:38, serverValue:232}] to localhost:27017
16:24:20.901 [cluster-ClusterId{value='646a2994ed5d284cd822b694', description='null'}-localhost:27017] INFO org.mongodb.driver.cluster - Monitor thread successfully connected to server with description ServerDescription{address=localhost:27017, type=STANDALONE, state=CONNECTED, ok=true, minWireVersion=0, maxWireVersion=17, maxDocumentSize=16777216, logicalSessionTimeoutMinutes=30, roundTripTimeNanos=44795253}
16:24:20.902 [cluster-ClusterId{value='646a2994ed5d284cd822b694', description='null'}-localhost:27017] DEBUG org.mongodb.driver.connection - Marking the connection pool for ServerId{clusterId=ClusterId{value='646a2994ed5d284cd822b694', description='null'}, address=localhost:27017} as 'ready'
16:24:20.902 [MaintenanceTimer-20-thread-1] DEBUG org.mongodb.driver.connection - Pruning pooled connections to localhost:27017
16:24:20.902 [cluster-ClusterId{value='646a2994ed5d284cd822b694', description='null'}-localhost:27017] DEBUG org.mongodb.driver.cluster - Updating cluster description to  {type=STANDALONE, servers=[{address=localhost:27017, type=STANDALONE, roundTripTime=44.8 ms, state=CONNECTED}]
16:24:20.903 [cluster-ClusterId{value='646a2994ed5d284cd822b694', description='null'}-localhost:27017] DEBUG org.mongodb.driver.cluster - Checking status of localhost:27017
16:24:20.910 [Test worker] DEBUG org.springframework.test.context.BootstrapUtils - Instantiating CacheAwareContextLoaderDelegate from class [org.springframework.test.context.cache.DefaultCacheAwareContextLoaderDelegate]
16:24:20.919 [Test worker] DEBUG org.springframework.test.context.BootstrapUtils - Instantiating BootstrapContext using constructor [public org.springframework.test.context.support.DefaultBootstrapContext(java.lang.Class,org.springframework.test.context.CacheAwareContextLoaderDelegate)]
16:24:20.937 [cluster-rtt-ClusterId{value='646a2994ed5d284cd822b695', description='null'}-localhost:27017] INFO org.mongodb.driver.connection - Opened connection [connectionId{localValue:40, serverValue:234}] to localhost:27017
16:24:20.937 [cluster-ClusterId{value='646a2994ed5d284cd822b697', description='null'}-localhost:27017] INFO org.mongodb.driver.connection - Opened connection [connectionId{localValue:43, serverValue:236}] to localhost:27017
16:24:20.937 [cluster-ClusterId{value='646a2994ed5d284cd822b697', description='null'}-localhost:27017] INFO org.mongodb.driver.cluster - Monitor thread successfully connected to server with description ServerDescription{address=localhost:27017, type=STANDALONE, state=CONNECTED, ok=true, minWireVersion=0, maxWireVersion=17, maxDocumentSize=16777216, logicalSessionTimeoutMinutes=30, roundTripTimeNanos=15441646}
16:24:20.939 [cluster-ClusterId{value='646a2994ed5d284cd822b697', description='null'}-localhost:27017] DEBUG org.mongodb.driver.connection - Marking the connection pool for ServerId{clusterId=ClusterId{value='646a2994ed5d284cd822b697', description='null'}, address=localhost:27017} as 'ready'
16:24:20.939 [MaintenanceTimer-23-thread-1] DEBUG org.mongodb.driver.connection - Pruning pooled connections to localhost:27017
16:24:20.939 [cluster-ClusterId{value='646a2994ed5d284cd822b697', description='null'}-localhost:27017] DEBUG org.mongodb.driver.cluster - Updating cluster description to  {type=STANDALONE, servers=[{address=localhost:27017, type=STANDALONE, roundTripTime=15.4 ms, state=CONNECTED}]
16:24:20.939 [cluster-ClusterId{value='646a2994ed5d284cd822b697', description='null'}-localhost:27017] DEBUG org.mongodb.driver.cluster - Checking status of localhost:27017
16:24:20.939 [cluster-rtt-ClusterId{value='646a2994ed5d284cd822b696', description='null'}-localhost:27017] INFO org.mongodb.driver.connection - Opened connection [connectionId{localValue:42, serverValue:237}] to localhost:27017
16:24:20.952 [cluster-rtt-ClusterId{value='646a2994ed5d284cd822b697', description='null'}-localhost:27017] INFO org.mongodb.driver.connection - Opened connection [connectionId{localValue:44, serverValue:239}] to localhost:27017
16:24:20.952 [cluster-ClusterId{value='646a2994ed5d284cd822b695', description='null'}-localhost:27017] INFO org.mongodb.driver.connection - Opened connection [connectionId{localValue:39, serverValue:235}] to localhost:27017
16:24:20.952 [cluster-ClusterId{value='646a2994ed5d284cd822b696', description='null'}-localhost:27017] INFO org.mongodb.driver.connection - Opened connection [connectionId{localValue:41, serverValue:238}] to localhost:27017
16:24:20.954 [cluster-ClusterId{value='646a2994ed5d284cd822b695', description='null'}-localhost:27017] INFO org.mongodb.driver.cluster - Monitor thread successfully connected to server with description ServerDescription{address=localhost:27017, type=STANDALONE, state=CONNECTED, ok=true, minWireVersion=0, maxWireVersion=17, maxDocumentSize=16777216, logicalSessionTimeoutMinutes=30, roundTripTimeNanos=74115612}
16:24:20.954 [cluster-ClusterId{value='646a2994ed5d284cd822b696', description='null'}-localhost:27017] INFO org.mongodb.driver.cluster - Monitor thread successfully connected to server with description ServerDescription{address=localhost:27017, type=STANDALONE, state=CONNECTED, ok=true, minWireVersion=0, maxWireVersion=17, maxDocumentSize=16777216, logicalSessionTimeoutMinutes=30, roundTripTimeNanos=52532759}
16:24:20.954 [cluster-ClusterId{value='646a2994ed5d284cd822b695', description='null'}-localhost:27017] DEBUG org.mongodb.driver.connection - Marking the connection pool for ServerId{clusterId=ClusterId{value='646a2994ed5d284cd822b695', description='null'}, address=localhost:27017} as 'ready'
16:24:20.954 [cluster-ClusterId{value='646a2994ed5d284cd822b696', description='null'}-localhost:27017] DEBUG org.mongodb.driver.connection - Marking the connection pool for ServerId{clusterId=ClusterId{value='646a2994ed5d284cd822b696', description='null'}, address=localhost:27017} as 'ready'
16:24:20.954 [MaintenanceTimer-21-thread-1] DEBUG org.mongodb.driver.connection - Pruning pooled connections to localhost:27017
16:24:20.954 [MaintenanceTimer-22-thread-1] DEBUG org.mongodb.driver.connection - Pruning pooled connections to localhost:27017
16:24:20.955 [cluster-ClusterId{value='646a2994ed5d284cd822b696', description='null'}-localhost:27017] DEBUG org.mongodb.driver.cluster - Updating cluster description to  {type=STANDALONE, servers=[{address=localhost:27017, type=STANDALONE, roundTripTime=52.5 ms, state=CONNECTED}]
16:24:20.954 [cluster-ClusterId{value='646a2994ed5d284cd822b695', description='null'}-localhost:27017] DEBUG org.mongodb.driver.cluster - Updating cluster description to  {type=STANDALONE, servers=[{address=localhost:27017, type=STANDALONE, roundTripTime=74.1 ms, state=CONNECTED}]
16:24:20.955 [cluster-ClusterId{value='646a2994ed5d284cd822b696', description='null'}-localhost:27017] DEBUG org.mongodb.driver.cluster - Checking status of localhost:27017
16:24:20.955 [cluster-ClusterId{value='646a2994ed5d284cd822b695', description='null'}-localhost:27017] DEBUG org.mongodb.driver.cluster - Checking status of localhost:27017
16:24:21.017 [Test worker] DEBUG org.springframework.test.context.BootstrapUtils - Instantiating TestContextBootstrapper for test class [ASESpaghettiCode.UserServer.UserServerApplicationTests] from class [org.springframework.boot.test.context.SpringBootTestContextBootstrapper]
16:24:21.044 [Test worker] INFO org.springframework.boot.test.context.SpringBootTestContextBootstrapper - Neither @ContextConfiguration nor @ContextHierarchy found for test class [ASESpaghettiCode.UserServer.UserServerApplicationTests], using SpringBootContextLoader
16:24:21.050 [Test worker] DEBUG org.springframework.test.context.support.AbstractContextLoader - Did not detect default resource location for test class [ASESpaghettiCode.UserServer.UserServerApplicationTests]: class path resource [ASESpaghettiCode/UserServer/UserServerApplicationTests-context.xml] does not exist
16:24:21.050 [Test worker] DEBUG org.springframework.test.context.support.AbstractContextLoader - Did not detect default resource location for test class [ASESpaghettiCode.UserServer.UserServerApplicationTests]: class path resource [ASESpaghettiCode/UserServer/UserServerApplicationTestsContext.groovy] does not exist
16:24:21.050 [Test worker] INFO org.springframework.test.context.support.AbstractContextLoader - Could not detect default resource locations for test class [ASESpaghettiCode.UserServer.UserServerApplicationTests]: no resource found for suffixes {-context.xml, Context.groovy}.
16:24:21.052 [Test worker] INFO org.springframework.test.context.support.AnnotationConfigContextLoaderUtils - Could not detect default configuration classes for test class [ASESpaghettiCode.UserServer.UserServerApplicationTests]: UserServerApplicationTests does not declare any static, non-private, non-final, nested classes annotated with @Configuration.
16:24:21.148 [Test worker] DEBUG org.springframework.test.context.support.ActiveProfilesUtils - Could not find an 'annotation declaring class' for annotation type [org.springframework.test.context.ActiveProfiles] and class [ASESpaghettiCode.UserServer.UserServerApplicationTests]
16:24:21.251 [Test worker] DEBUG org.springframework.context.annotation.ClassPathScanningCandidateComponentProvider - Identified candidate component class: file [/Users/mac/IdeaProjects/Plan2Go-user-server/build/classes/java/main/ASESpaghettiCode/UserServer/UserServerApplication.class]
16:24:21.252 [Test worker] INFO org.springframework.boot.test.context.SpringBootTestContextBootstrapper - Found @SpringBootConfiguration ASESpaghettiCode.UserServer.UserServerApplication for test class ASESpaghettiCode.UserServer.UserServerApplicationTests
16:24:21.392 [Test worker] DEBUG org.springframework.boot.test.context.SpringBootTestContextBootstrapper - @TestExecutionListeners is not present for class [ASESpaghettiCode.UserServer.UserServerApplicationTests]: using defaults.
16:24:21.393 [Test worker] INFO org.springframework.boot.test.context.SpringBootTestContextBootstrapper - Loaded default TestExecutionListener class names from location [META-INF/spring.factories]: [org.springframework.boot.test.autoconfigure.restdocs.RestDocsTestExecutionListener, org.springframework.boot.test.autoconfigure.web.client.MockRestServiceServerResetTestExecutionListener, org.springframework.boot.test.autoconfigure.web.servlet.MockMvcPrintOnlyOnFailureTestExecutionListener, org.springframework.boot.test.autoconfigure.web.servlet.WebDriverTestExecutionListener, org.springframework.boot.test.autoconfigure.webservices.client.MockWebServiceServerTestExecutionListener, org.springframework.boot.test.mock.mockito.MockitoTestExecutionListener, org.springframework.boot.test.mock.mockito.ResetMocksTestExecutionListener, org.springframework.test.context.web.ServletTestExecutionListener, org.springframework.test.context.support.DirtiesContextBeforeModesTestExecutionListener, org.springframework.test.context.event.ApplicationEventsTestExecutionListener, org.springframework.test.context.support.DependencyInjectionTestExecutionListener, org.springframework.test.context.support.DirtiesContextTestExecutionListener, org.springframework.test.context.transaction.TransactionalTestExecutionListener, org.springframework.test.context.jdbc.SqlScriptsTestExecutionListener, org.springframework.test.context.event.EventPublishingTestExecutionListener]
16:24:21.423 [Test worker] INFO org.springframework.boot.test.context.SpringBootTestContextBootstrapper - Using TestExecutionListeners: [org.springframework.test.context.web.ServletTestExecutionListener@4b305823, org.springframework.test.context.support.DirtiesContextBeforeModesTestExecutionListener@1d9a7487, org.springframework.test.context.event.ApplicationEventsTestExecutionListener@4f1a963b, org.springframework.boot.test.mock.mockito.MockitoTestExecutionListener@1b759662, org.springframework.boot.test.autoconfigure.SpringBootDependencyInjectionTestExecutionListener@524d246f, org.springframework.test.context.support.DirtiesContextTestExecutionListener@1cbd4ced, org.springframework.test.context.transaction.TransactionalTestExecutionListener@70daa0f, org.springframework.test.context.jdbc.SqlScriptsTestExecutionListener@307cea0a, org.springframework.test.context.event.EventPublishingTestExecutionListener@ba9ce36, org.springframework.boot.test.autoconfigure.restdocs.RestDocsTestExecutionListener@7d85318a, org.springframework.boot.test.autoconfigure.web.client.MockRestServiceServerResetTestExecutionListener@17b2a1e7, org.springframework.boot.test.autoconfigure.web.servlet.MockMvcPrintOnlyOnFailureTestExecutionListener@40c925a1, org.springframework.boot.test.autoconfigure.web.servlet.WebDriverTestExecutionListener@5549bf0, org.springframework.boot.test.autoconfigure.webservices.client.MockWebServiceServerTestExecutionListener@5189e3b1, org.springframework.boot.test.mock.mockito.ResetMocksTestExecutionListener@5336cdfe]
16:24:21.429 [Test worker] DEBUG org.springframework.test.context.support.AbstractDirtiesContextTestExecutionListener - Before test class: context [DefaultTestContext@1d03099a testClass = UserServerApplicationTests, testInstance = [null], testMethod = [null], testException = [null], mergedContextConfiguration = [WebMergedContextConfiguration@2a372d63 testClass = UserServerApplicationTests, locations = '{}', classes = '{class ASESpaghettiCode.UserServer.UserServerApplication}', contextInitializerClasses = '[]', activeProfiles = '{}', propertySourceLocations = '{}', propertySourceProperties = '{org.springframework.boot.test.context.SpringBootTestContextBootstrapper=true}', contextCustomizers = set[org.springframework.boot.test.autoconfigure.actuate.metrics.MetricsExportContextCustomizerFactory$DisableMetricExportContextCustomizer@1f40bb82, org.springframework.boot.test.autoconfigure.properties.PropertyMappingContextCustomizer@0, org.springframework.boot.test.autoconfigure.web.servlet.WebDriverContextCustomizerFactory$Customizer@83ffa7b, org.springframework.boot.test.context.filter.ExcludeFilterContextCustomizer@960a64a, org.springframework.boot.test.json.DuplicateJsonObjectContextCustomizerFactory$DuplicateJsonObjectContextCustomizer@6b869242, org.springframework.boot.test.mock.mockito.MockitoContextCustomizer@0, org.springframework.boot.test.web.client.TestRestTemplateContextCustomizer@1af6ad68, org.springframework.boot.test.context.SpringBootTestArgs@1, org.springframework.boot.test.context.SpringBootTestWebEnvironment@5ec4ff02], resourceBasePath = 'src/main/webapp', contextLoader = 'org.springframework.boot.test.context.SpringBootContextLoader', parent = [null]], attributes = map['org.springframework.test.context.web.ServletTestExecutionListener.activateListener' -> true]], class annotated with @DirtiesContext [false] with mode [null].

  .   ____          _            __ _ _
 /\\ / ___'_ __ _ _(_)_ __  __ _ \ \ \ \
( ( )\___ | '_ | '_| | '_ \/ _` | \ \ \ \
 \\/  ___)| |_)| | | | | || (_| |  ) ) ) )
  '  |____| .__|_| |_|_| |_\__, | / / / /
 =========|_|==============|___/=/_/_/_/
 :: Spring Boot ::                (v2.7.9)

2023-05-21 16:24:21.893  INFO 31997 --- [    Test worker] A.UserServer.UserServerApplicationTests  : Starting UserServerApplicationTests using Java 11.0.18 on MacBook-Pro.local with PID 31997 (started by mac in /Users/mac/IdeaProjects/Plan2Go-user-server)
2023-05-21 16:24:21.895  INFO 31997 --- [    Test worker] A.UserServer.UserServerApplicationTests  : No active profile set, falling back to 1 default profile: "default"
2023-05-21 16:24:22.696  INFO 31997 --- [    Test worker] .s.d.r.c.RepositoryConfigurationDelegate : Bootstrapping Spring Data Reactive MongoDB repositories in DEFAULT mode.
2023-05-21 16:24:22.890  INFO 31997 --- [    Test worker] .s.d.r.c.RepositoryConfigurationDelegate : Finished Spring Data repository scanning in 186 ms. Found 0 Reactive MongoDB repository interfaces.
2023-05-21 16:24:22.896  INFO 31997 --- [    Test worker] .s.d.r.c.RepositoryConfigurationDelegate : Bootstrapping Spring Data MongoDB repositories in DEFAULT mode.
2023-05-21 16:24:22.922  INFO 31997 --- [    Test worker] .s.d.r.c.RepositoryConfigurationDelegate : Finished Spring Data repository scanning in 24 ms. Found 2 MongoDB repository interfaces.
2023-05-21 16:24:23.349  INFO 31997 --- [    Test worker] org.mongodb.driver.client                : MongoClient with metadata {"driver": {"name": "mongo-java-driver|sync|spring-boot", "version": "4.6.1"}, "os": {"type": "Darwin", "name": "Mac OS X", "architecture": "x86_64", "version": "12.6"}, "platform": "Java/Oracle Corporation/11.0.18+9-LTS-195"} created with settings MongoClientSettings{readPreference=primary, writeConcern=WriteConcern{w=null, wTimeout=null ms, journal=null}, retryWrites=true, retryReads=true, readConcern=ReadConcern{level=null}, credential=null, streamFactoryFactory=null, commandListeners=[], codecRegistry=ProvidersCodecRegistry{codecProviders=[ValueCodecProvider{}, BsonValueCodecProvider{}, DBRefCodecProvider{}, DBObjectCodecProvider{}, DocumentCodecProvider{}, IterableCodecProvider{}, MapCodecProvider{}, GeoJsonCodecProvider{}, GridFSFileCodecProvider{}, Jsr310CodecProvider{}, JsonObjectCodecProvider{}, BsonCodecProvider{}, EnumCodecProvider{}, com.mongodb.Jep395RecordCodecProvider@1c028ae2]}, clusterSettings={hosts=[localhost:27017], srvServiceName=mongodb, mode=SINGLE, requiredClusterType=UNKNOWN, requiredReplicaSetName='null', serverSelector='null', clusterListeners='[]', serverSelectionTimeout='30000 ms', localThreshold='30000 ms'}, socketSettings=SocketSettings{connectTimeoutMS=10000, readTimeoutMS=0, receiveBufferSize=0, sendBufferSize=0}, heartbeatSocketSettings=SocketSettings{connectTimeoutMS=10000, readTimeoutMS=10000, receiveBufferSize=0, sendBufferSize=0}, connectionPoolSettings=ConnectionPoolSettings{maxSize=100, minSize=0, maxWaitTimeMS=120000, maxConnectionLifeTimeMS=0, maxConnectionIdleTimeMS=0, maintenanceInitialDelayMS=0, maintenanceFrequencyMS=60000, connectionPoolListeners=[], maxConnecting=2}, serverSettings=ServerSettings{heartbeatFrequencyMS=10000, minHeartbeatFrequencyMS=500, serverListeners='[]', serverMonitorListeners='[]'}, sslSettings=SslSettings{enabled=false, invalidHostNameAllowed=false, context=null}, applicationName='null', compressorList=[], uuidRepresentation=JAVA_LEGACY, serverApi=null, autoEncryptionSettings=null, contextProvider=null}
2023-05-21 16:24:23.378  INFO 31997 --- [localhost:27017] org.mongodb.driver.connection            : Opened connection [connectionId{localValue:45, serverValue:241}] to localhost:27017
2023-05-21 16:24:23.379  INFO 31997 --- [localhost:27017] org.mongodb.driver.cluster               : Monitor thread successfully connected to server with description ServerDescription{address=localhost:27017, type=STANDALONE, state=CONNECTED, ok=true, minWireVersion=0, maxWireVersion=17, maxDocumentSize=16777216, logicalSessionTimeoutMinutes=30, roundTripTimeNanos=7279808}
2023-05-21 16:24:23.395  INFO 31997 --- [localhost:27017] org.mongodb.driver.connection            : Opened connection [connectionId{localValue:46, serverValue:240}] to localhost:27017
2023-05-21 16:24:24.199  INFO 31997 --- [    Test worker] org.mongodb.driver.client                : MongoClient with metadata {"driver": {"name": "mongo-java-driver|sync", "version": "4.6.1"}, "os": {"type": "Darwin", "name": "Mac OS X", "architecture": "x86_64", "version": "12.6"}, "platform": "Java/Oracle Corporation/11.0.18+9-LTS-195"} created with settings MongoClientSettings{readPreference=primary, writeConcern=WriteConcern{w=null, wTimeout=null ms, journal=null}, retryWrites=true, retryReads=true, readConcern=ReadConcern{level=null}, credential=null, streamFactoryFactory=null, commandListeners=[], codecRegistry=ProvidersCodecRegistry{codecProviders=[ValueCodecProvider{}, BsonValueCodecProvider{}, DBRefCodecProvider{}, DBObjectCodecProvider{}, DocumentCodecProvider{}, IterableCodecProvider{}, MapCodecProvider{}, GeoJsonCodecProvider{}, GridFSFileCodecProvider{}, Jsr310CodecProvider{}, JsonObjectCodecProvider{}, BsonCodecProvider{}, EnumCodecProvider{}, com.mongodb.Jep395RecordCodecProvider@1c028ae2]}, clusterSettings={hosts=[localhost:27017], srvServiceName=mongodb, mode=SINGLE, requiredClusterType=UNKNOWN, requiredReplicaSetName='null', serverSelector='null', clusterListeners='[]', serverSelectionTimeout='30000 ms', localThreshold='30000 ms'}, socketSettings=SocketSettings{connectTimeoutMS=10000, readTimeoutMS=0, receiveBufferSize=0, sendBufferSize=0}, heartbeatSocketSettings=SocketSettings{connectTimeoutMS=10000, readTimeoutMS=10000, receiveBufferSize=0, sendBufferSize=0}, connectionPoolSettings=ConnectionPoolSettings{maxSize=100, minSize=0, maxWaitTimeMS=120000, maxConnectionLifeTimeMS=0, maxConnectionIdleTimeMS=0, maintenanceInitialDelayMS=0, maintenanceFrequencyMS=60000, connectionPoolListeners=[], maxConnecting=2}, serverSettings=ServerSettings{heartbeatFrequencyMS=10000, minHeartbeatFrequencyMS=500, serverListeners='[]', serverMonitorListeners='[]'}, sslSettings=SslSettings{enabled=false, invalidHostNameAllowed=false, context=null}, applicationName='null', compressorList=[], uuidRepresentation=UNSPECIFIED, serverApi=null, autoEncryptionSettings=null, contextProvider=null}
2023-05-21 16:24:24.226  INFO 31997 --- [localhost:27017] org.mongodb.driver.connection            : Opened connection [connectionId{localValue:47, serverValue:242}] to localhost:27017
2023-05-21 16:24:24.227  INFO 31997 --- [localhost:27017] org.mongodb.driver.cluster               : Monitor thread successfully connected to server with description ServerDescription{address=localhost:27017, type=STANDALONE, state=CONNECTED, ok=true, minWireVersion=0, maxWireVersion=17, maxDocumentSize=16777216, logicalSessionTimeoutMinutes=30, roundTripTimeNanos=7459475}
2023-05-21 16:24:24.244  INFO 31997 --- [localhost:27017] org.mongodb.driver.connection            : Opened connection [connectionId{localValue:48, serverValue:243}] to localhost:27017
2023-05-21 16:24:25.247  INFO 31997 --- [    Test worker] org.mongodb.driver.client                : MongoClient with metadata {"driver": {"name": "mongo-java-driver|reactive-streams|spring-boot", "version": "4.6.1"}, "os": {"type": "Darwin", "name": "Mac OS X", "architecture": "x86_64", "version": "12.6"}, "platform": "Java/Oracle Corporation/11.0.18+9-LTS-195"} created with settings MongoClientSettings{readPreference=primary, writeConcern=WriteConcern{w=null, wTimeout=null ms, journal=null}, retryWrites=true, retryReads=true, readConcern=ReadConcern{level=null}, credential=null, streamFactoryFactory=null, commandListeners=[], codecRegistry=ProvidersCodecRegistry{codecProviders=[ValueCodecProvider{}, BsonValueCodecProvider{}, DBRefCodecProvider{}, DBObjectCodecProvider{}, DocumentCodecProvider{}, IterableCodecProvider{}, MapCodecProvider{}, GeoJsonCodecProvider{}, GridFSFileCodecProvider{}, Jsr310CodecProvider{}, JsonObjectCodecProvider{}, BsonCodecProvider{}, EnumCodecProvider{}, com.mongodb.Jep395RecordCodecProvider@1c028ae2]}, clusterSettings={hosts=[localhost:27017], srvServiceName=mongodb, mode=SINGLE, requiredClusterType=UNKNOWN, requiredReplicaSetName='null', serverSelector='null', clusterListeners='[]', serverSelectionTimeout='30000 ms', localThreshold='30000 ms'}, socketSettings=SocketSettings{connectTimeoutMS=10000, readTimeoutMS=0, receiveBufferSize=0, sendBufferSize=0}, heartbeatSocketSettings=SocketSettings{connectTimeoutMS=10000, readTimeoutMS=10000, receiveBufferSize=0, sendBufferSize=0}, connectionPoolSettings=ConnectionPoolSettings{maxSize=100, minSize=0, maxWaitTimeMS=120000, maxConnectionLifeTimeMS=0, maxConnectionIdleTimeMS=0, maintenanceInitialDelayMS=0, maintenanceFrequencyMS=60000, connectionPoolListeners=[], maxConnecting=2}, serverSettings=ServerSettings{heartbeatFrequencyMS=10000, minHeartbeatFrequencyMS=500, serverListeners='[]', serverMonitorListeners='[]'}, sslSettings=SslSettings{enabled=false, invalidHostNameAllowed=false, context=null}, applicationName='null', compressorList=[], uuidRepresentation=JAVA_LEGACY, serverApi=null, autoEncryptionSettings=null, contextProvider=null}
2023-05-21 16:24:25.281  INFO 31997 --- [localhost:27017] org.mongodb.driver.connection            : Opened connection [connectionId{localValue:50, serverValue:244}] to localhost:27017
2023-05-21 16:24:25.281  INFO 31997 --- [localhost:27017] org.mongodb.driver.connection            : Opened connection [connectionId{localValue:49, serverValue:245}] to localhost:27017
2023-05-21 16:24:25.282  INFO 31997 --- [localhost:27017] org.mongodb.driver.cluster               : Monitor thread successfully connected to server with description ServerDescription{address=localhost:27017, type=STANDALONE, state=CONNECTED, ok=true, minWireVersion=0, maxWireVersion=17, maxDocumentSize=16777216, logicalSessionTimeoutMinutes=30, roundTripTimeNanos=11499158}
2023-05-21 16:24:25.378  INFO 31997 --- [    Test worker] o.s.m.s.b.SimpleBrokerMessageHandler     : Starting...
2023-05-21 16:24:25.378  INFO 31997 --- [    Test worker] o.s.m.s.b.SimpleBrokerMessageHandler     : BrokerAvailabilityEvent[available=true, SimpleBrokerMessageHandler [org.springframework.messaging.simp.broker.DefaultSubscriptionRegistry@785057cb]]
2023-05-21 16:24:25.379  INFO 31997 --- [    Test worker] o.s.m.s.b.SimpleBrokerMessageHandler     : Started.
2023-05-21 16:24:25.392  INFO 31997 --- [    Test worker] A.UserServer.UserServerApplicationTests  : Started UserServerApplicationTests in 3.91 seconds (JVM running for 9.429)
]]></system-out>
  <system-err><![CDATA[]]></system-err>
</testsuite>
