<?xml version="1.0" encoding="UTF-8"?>
<testsuite name="ASESpaghettiCode.UserServer.Controller.UserControllerTest" tests="14" skipped="0" failures="0" errors="0" timestamp="2023-05-21T20:18:02" hostname="MacBook-Pro.local" time="0.495">
  <properties/>
  <testcase name="editUserTest()" classname="ASESpaghettiCode.UserServer.Controller.UserControllerTest" time="0.228"/>
  <testcase name="editUserPasswordTest()" classname="ASESpaghettiCode.UserServer.Controller.UserControllerTest" time="0.016"/>
  <testcase name="userFollowTest()" classname="ASESpaghettiCode.UserServer.Controller.UserControllerTest" time="0.035"/>
  <testcase name="getAllUsersTest()" classname="ASESpaghettiCode.UserServer.Controller.UserControllerTest" time="0.091"/>
  <testcase name="userUnfollowTest()" classname="ASESpaghettiCode.UserServer.Controller.UserControllerTest" time="0.009"/>
  <testcase name="logoutTest()" classname="ASESpaghettiCode.UserServer.Controller.UserControllerTest" time="0.007"/>
  <testcase name="user1FollowUser2Test()" classname="ASESpaghettiCode.UserServer.Controller.UserControllerTest" time="0.008"/>
  <testcase name="getLikedList()" classname="ASESpaghettiCode.UserServer.Controller.UserControllerTest" time="0.009"/>
  <testcase name="longinTest()" classname="ASESpaghettiCode.UserServer.Controller.UserControllerTest" time="0.013"/>
  <testcase name="getFollowingTest()" classname="ASESpaghettiCode.UserServer.Controller.UserControllerTest" time="0.009"/>
  <testcase name="createUserTest()" classname="ASESpaghettiCode.UserServer.Controller.UserControllerTest" time="0.013"/>
  <testcase name="getFollowersTest()" classname="ASESpaghettiCode.UserServer.Controller.UserControllerTest" time="0.008"/>
  <testcase name="createUserConflictTest()" classname="ASESpaghettiCode.UserServer.Controller.UserControllerTest" time="0.013"/>
  <testcase name="getUserTest()" classname="ASESpaghettiCode.UserServer.Controller.UserControllerTest" time="0.008"/>
  <system-out><![CDATA[2023-05-21 22:18:02.052  INFO 52300 --- [    Test worker] .b.t.a.w.s.WebMvcTestContextBootstrapper : Neither @ContextConfiguration nor @ContextHierarchy found for test class [ASESpaghettiCode.UserServer.Controller.UserControllerTest], using SpringBootContextLoader
2023-05-21 22:18:02.053  INFO 52300 --- [    Test worker] o.s.t.c.support.AbstractContextLoader    : Could not detect default resource locations for test class [ASESpaghettiCode.UserServer.Controller.UserControllerTest]: no resource found for suffixes {-context.xml, Context.groovy}.
2023-05-21 22:18:02.054  INFO 52300 --- [    Test worker] t.c.s.AnnotationConfigContextLoaderUtils : Could not detect default configuration classes for test class [ASESpaghettiCode.UserServer.Controller.UserControllerTest]: UserControllerTest does not declare any static, non-private, non-final, nested classes annotated with @Configuration.
2023-05-21 22:18:02.092  INFO 52300 --- [    Test worker] .b.t.c.SpringBootTestContextBootstrapper : Found @SpringBootConfiguration ASESpaghettiCode.UserServer.UserServerApplication for test class ASESpaghettiCode.UserServer.Controller.UserControllerTest
2023-05-21 22:18:02.093  INFO 52300 --- [    Test worker] .b.t.a.w.s.WebMvcTestContextBootstrapper : Loaded default TestExecutionListener class names from location [META-INF/spring.factories]: [org.springframework.boot.test.autoconfigure.restdocs.RestDocsTestExecutionListener, org.springframework.boot.test.autoconfigure.web.client.MockRestServiceServerResetTestExecutionListener, org.springframework.boot.test.autoconfigure.web.servlet.MockMvcPrintOnlyOnFailureTestExecutionListener, org.springframework.boot.test.autoconfigure.web.servlet.WebDriverTestExecutionListener, org.springframework.boot.test.autoconfigure.webservices.client.MockWebServiceServerTestExecutionListener, org.springframework.boot.test.mock.mockito.MockitoTestExecutionListener, org.springframework.boot.test.mock.mockito.ResetMocksTestExecutionListener, org.springframework.test.context.web.ServletTestExecutionListener, org.springframework.test.context.support.DirtiesContextBeforeModesTestExecutionListener, org.springframework.test.context.event.ApplicationEventsTestExecutionListener, org.springframework.test.context.support.DependencyInjectionTestExecutionListener, org.springframework.test.context.support.DirtiesContextTestExecutionListener, org.springframework.test.context.transaction.TransactionalTestExecutionListener, org.springframework.test.context.jdbc.SqlScriptsTestExecutionListener, org.springframework.test.context.event.EventPublishingTestExecutionListener]
2023-05-21 22:18:02.094  INFO 52300 --- [    Test worker] .b.t.a.w.s.WebMvcTestContextBootstrapper : Using TestExecutionListeners: [org.springframework.test.context.web.ServletTestExecutionListener@50fbc617, org.springframework.test.context.support.DirtiesContextBeforeModesTestExecutionListener@3d56e04f, org.springframework.test.context.event.ApplicationEventsTestExecutionListener@24ee1e7a, org.springframework.boot.test.mock.mockito.MockitoTestExecutionListener@3bf910a2, org.springframework.boot.test.autoconfigure.SpringBootDependencyInjectionTestExecutionListener@35bcb2b4, org.springframework.test.context.support.DirtiesContextTestExecutionListener@3f6278d4, org.springframework.test.context.transaction.TransactionalTestExecutionListener@6b2bbc8c, org.springframework.test.context.jdbc.SqlScriptsTestExecutionListener@1824dd4b, org.springframework.test.context.event.EventPublishingTestExecutionListener@48ddf5e9, org.springframework.boot.test.autoconfigure.restdocs.RestDocsTestExecutionListener@64d580fe, org.springframework.boot.test.autoconfigure.web.client.MockRestServiceServerResetTestExecutionListener@52ac8f34, org.springframework.boot.test.autoconfigure.web.servlet.MockMvcPrintOnlyOnFailureTestExecutionListener@6cdcceaf, org.springframework.boot.test.autoconfigure.web.servlet.WebDriverTestExecutionListener@4b091c60, org.springframework.boot.test.autoconfigure.webservices.client.MockWebServiceServerTestExecutionListener@393b78f, org.springframework.boot.test.mock.mockito.ResetMocksTestExecutionListener@35704de6]

  .   ____          _            __ _ _
 /\\ / ___'_ __ _ _(_)_ __  __ _ \ \ \ \
( ( )\___ | '_ | '_| | '_ \/ _` | \ \ \ \
 \\/  ___)| |_)| | | | | || (_| |  ) ) ) )
  '  |____| .__|_| |_|_| |_\__, | / / / /
 =========|_|==============|___/=/_/_/_/
 :: Spring Boot ::                (v2.7.9)

2023-05-21 22:18:02.140  INFO 52300 --- [    Test worker] A.U.Controller.UserControllerTest        : Starting UserControllerTest using Java 11.0.18 on MacBook-Pro.local with PID 52300 (started by mac in /Users/mac/IdeaProjects/Plan2Go-user-server)
2023-05-21 22:18:02.140  INFO 52300 --- [    Test worker] A.U.Controller.UserControllerTest        : No active profile set, falling back to 1 default profile: "default"
2023-05-21 22:18:02.907  INFO 52300 --- [    Test worker] o.s.b.t.m.w.SpringBootMockServletContext : Initializing Spring TestDispatcherServlet ''
2023-05-21 22:18:02.907  INFO 52300 --- [    Test worker] o.s.t.web.servlet.TestDispatcherServlet  : Initializing Servlet ''
2023-05-21 22:18:02.908  INFO 52300 --- [    Test worker] o.s.t.web.servlet.TestDispatcherServlet  : Completed initialization in 1 ms
2023-05-21 22:18:02.922  INFO 52300 --- [    Test worker] A.U.Controller.UserControllerTest        : Started UserControllerTest in 0.823 seconds (JVM running for 10.088)
]]></system-out>
  <system-err><![CDATA[]]></system-err>
</testsuite>
