<?xml version="1.0" encoding="UTF-8"?>
<testsuite name="ASESpaghettiCode.UserServer.Controller.UserControllerTest" tests="14" skipped="0" failures="0" errors="0" timestamp="2023-05-20T09:22:29" hostname="LAPTOP-06DS4LSR" time="0.42">
  <properties/>
  <testcase name="editUserTest()" classname="ASESpaghettiCode.UserServer.Controller.UserControllerTest" time="0.214"/>
  <testcase name="editUserPasswordTest()" classname="ASESpaghettiCode.UserServer.Controller.UserControllerTest" time="0.008"/>
  <testcase name="userFollowTest()" classname="ASESpaghettiCode.UserServer.Controller.UserControllerTest" time="0.025"/>
  <testcase name="getAllUsersTest()" classname="ASESpaghettiCode.UserServer.Controller.UserControllerTest" time="0.071"/>
  <testcase name="userUnfollowTest()" classname="ASESpaghettiCode.UserServer.Controller.UserControllerTest" time="0.006"/>
  <testcase name="logoutTest()" classname="ASESpaghettiCode.UserServer.Controller.UserControllerTest" time="0.005"/>
  <testcase name="user1FollowUser2Test()" classname="ASESpaghettiCode.UserServer.Controller.UserControllerTest" time="0.006"/>
  <testcase name="getLikedList()" classname="ASESpaghettiCode.UserServer.Controller.UserControllerTest" time="0.006"/>
  <testcase name="longinTest()" classname="ASESpaghettiCode.UserServer.Controller.UserControllerTest" time="0.013"/>
  <testcase name="getFollowingTest()" classname="ASESpaghettiCode.UserServer.Controller.UserControllerTest" time="0.009"/>
  <testcase name="createUserTest()" classname="ASESpaghettiCode.UserServer.Controller.UserControllerTest" time="0.011"/>
  <testcase name="getFollowersTest()" classname="ASESpaghettiCode.UserServer.Controller.UserControllerTest" time="0.008"/>
  <testcase name="createUserConflictTest()" classname="ASESpaghettiCode.UserServer.Controller.UserControllerTest" time="0.011"/>
  <testcase name="getUserTest()" classname="ASESpaghettiCode.UserServer.Controller.UserControllerTest" time="0.006"/>
  <system-out><![CDATA[2023-05-20 11:22:28.779  INFO 35944 --- [    Test worker] .b.t.a.w.s.WebMvcTestContextBootstrapper : Neither @ContextConfiguration nor @ContextHierarchy found for test class [ASESpaghettiCode.UserServer.Controller.UserControllerTest], using SpringBootContextLoader
2023-05-20 11:22:28.780  INFO 35944 --- [    Test worker] o.s.t.c.support.AbstractContextLoader    : Could not detect default resource locations for test class [ASESpaghettiCode.UserServer.Controller.UserControllerTest]: no resource found for suffixes {-context.xml, Context.groovy}.
2023-05-20 11:22:28.781  INFO 35944 --- [    Test worker] t.c.s.AnnotationConfigContextLoaderUtils : Could not detect default configuration classes for test class [ASESpaghettiCode.UserServer.Controller.UserControllerTest]: UserControllerTest does not declare any static, non-private, non-final, nested classes annotated with @Configuration.
2023-05-20 11:22:28.809  INFO 35944 --- [    Test worker] .b.t.c.SpringBootTestContextBootstrapper : Found @SpringBootConfiguration ASESpaghettiCode.UserServer.UserServerApplication for test class ASESpaghettiCode.UserServer.Controller.UserControllerTest
2023-05-20 11:22:28.811  INFO 35944 --- [    Test worker] .b.t.a.w.s.WebMvcTestContextBootstrapper : Loaded default TestExecutionListener class names from location [META-INF/spring.factories]: [org.springframework.boot.test.autoconfigure.restdocs.RestDocsTestExecutionListener, org.springframework.boot.test.autoconfigure.web.client.MockRestServiceServerResetTestExecutionListener, org.springframework.boot.test.autoconfigure.web.servlet.MockMvcPrintOnlyOnFailureTestExecutionListener, org.springframework.boot.test.autoconfigure.web.servlet.WebDriverTestExecutionListener, org.springframework.boot.test.autoconfigure.webservices.client.MockWebServiceServerTestExecutionListener, org.springframework.boot.test.mock.mockito.MockitoTestExecutionListener, org.springframework.boot.test.mock.mockito.ResetMocksTestExecutionListener, org.springframework.test.context.web.ServletTestExecutionListener, org.springframework.test.context.support.DirtiesContextBeforeModesTestExecutionListener, org.springframework.test.context.event.ApplicationEventsTestExecutionListener, org.springframework.test.context.support.DependencyInjectionTestExecutionListener, org.springframework.test.context.support.DirtiesContextTestExecutionListener, org.springframework.test.context.transaction.TransactionalTestExecutionListener, org.springframework.test.context.jdbc.SqlScriptsTestExecutionListener, org.springframework.test.context.event.EventPublishingTestExecutionListener]
2023-05-20 11:22:28.811  INFO 35944 --- [    Test worker] .b.t.a.w.s.WebMvcTestContextBootstrapper : Using TestExecutionListeners: [org.springframework.test.context.web.ServletTestExecutionListener@66409c1c, org.springframework.test.context.support.DirtiesContextBeforeModesTestExecutionListener@d08b73b, org.springframework.test.context.event.ApplicationEventsTestExecutionListener@58ac4675, org.springframework.boot.test.mock.mockito.MockitoTestExecutionListener@4065b4ab, org.springframework.boot.test.autoconfigure.SpringBootDependencyInjectionTestExecutionListener@22a760c7, org.springframework.test.context.support.DirtiesContextTestExecutionListener@6a5ebac7, org.springframework.test.context.transaction.TransactionalTestExecutionListener@50fbc617, org.springframework.test.context.jdbc.SqlScriptsTestExecutionListener@3d56e04f, org.springframework.test.context.event.EventPublishingTestExecutionListener@24ee1e7a, org.springframework.boot.test.autoconfigure.restdocs.RestDocsTestExecutionListener@3bf910a2, org.springframework.boot.test.autoconfigure.web.client.MockRestServiceServerResetTestExecutionListener@35bcb2b4, org.springframework.boot.test.autoconfigure.web.servlet.MockMvcPrintOnlyOnFailureTestExecutionListener@3f6278d4, org.springframework.boot.test.autoconfigure.web.servlet.WebDriverTestExecutionListener@6b2bbc8c, org.springframework.boot.test.autoconfigure.webservices.client.MockWebServiceServerTestExecutionListener@1824dd4b, org.springframework.boot.test.mock.mockito.ResetMocksTestExecutionListener@48ddf5e9]

  .   ____          _            __ _ _
 /\\ / ___'_ __ _ _(_)_ __  __ _ \ \ \ \
( ( )\___ | '_ | '_| | '_ \/ _` | \ \ \ \
 \\/  ___)| |_)| | | | | || (_| |  ) ) ) )
  '  |____| .__|_| |_|_| |_\__, | / / / /
 =========|_|==============|___/=/_/_/_/
 :: Spring Boot ::                (v2.7.9)

2023-05-20 11:22:28.840  INFO 35944 --- [    Test worker] A.U.Controller.UserControllerTest        : Starting UserControllerTest using Java 11.0.12 on LAPTOP-06DS4LSR with PID 35944 (started by Tiantian in D:\git\GitHub\Plan2Go\user_server\Plan2Go-user-server)
2023-05-20 11:22:28.841  INFO 35944 --- [    Test worker] A.U.Controller.UserControllerTest        : No active profile set, falling back to 1 default profile: "default"
2023-05-20 11:22:29.457  INFO 35944 --- [    Test worker] o.s.b.t.m.w.SpringBootMockServletContext : Initializing Spring TestDispatcherServlet ''
2023-05-20 11:22:29.457  INFO 35944 --- [    Test worker] o.s.t.web.servlet.TestDispatcherServlet  : Initializing Servlet ''
2023-05-20 11:22:29.458  INFO 35944 --- [    Test worker] o.s.t.web.servlet.TestDispatcherServlet  : Completed initialization in 1 ms
2023-05-20 11:22:29.475  INFO 35944 --- [    Test worker] A.U.Controller.UserControllerTest        : Started UserControllerTest in 0.66 seconds (JVM running for 6.542)
]]></system-out>
  <system-err><![CDATA[]]></system-err>
</testsuite>
